06-Sep-2023 14:10:58.669 INFO [main] org.apache.catalina.startup.VersionLoggerListener.log Server version name:   Apache Tomcat/9.0.65
06-Sep-2023 14:10:58.672 INFO [main] org.apache.catalina.startup.VersionLoggerListener.log Server built:          Jul 14 2022 12:28:53 UTC
06-Sep-2023 14:10:58.673 INFO [main] org.apache.catalina.startup.VersionLoggerListener.log Server version number: 9.0.65.0
06-Sep-2023 14:10:58.674 INFO [main] org.apache.catalina.startup.VersionLoggerListener.log OS Name:               Windows 10
06-Sep-2023 14:10:58.674 INFO [main] org.apache.catalina.startup.VersionLoggerListener.log OS Version:            10.0
06-Sep-2023 14:10:58.674 INFO [main] org.apache.catalina.startup.VersionLoggerListener.log Architecture:          amd64
06-Sep-2023 14:10:58.674 INFO [main] org.apache.catalina.startup.VersionLoggerListener.log Java Home:             C:\Program Files\Java\jdk-17.0.1
06-Sep-2023 14:10:58.675 INFO [main] org.apache.catalina.startup.VersionLoggerListener.log JVM Version:           17.0.1+12-LTS-39
06-Sep-2023 14:10:58.675 INFO [main] org.apache.catalina.startup.VersionLoggerListener.log JVM Vendor:            Oracle Corporation
06-Sep-2023 14:10:58.675 INFO [main] org.apache.catalina.startup.VersionLoggerListener.log CATALINA_BASE:         C:\課程分享\SL314_Servlet5課程分享\SL314_第一次分享\01_Servlet_Container\●已設定完成的Tomcat-9.0.65 (含資料庫Driver) (●useBodyEncodingForURI)(Oracle)(mySQL)\apache-tomcat-9.0.65
06-Sep-2023 14:10:58.675 INFO [main] org.apache.catalina.startup.VersionLoggerListener.log CATALINA_HOME:         C:\課程分享\SL314_Servlet5課程分享\SL314_第一次分享\01_Servlet_Container\●已設定完成的Tomcat-9.0.65 (含資料庫Driver) (●useBodyEncodingForURI)(Oracle)(mySQL)\apache-tomcat-9.0.65
06-Sep-2023 14:10:58.682 INFO [main] org.apache.catalina.startup.VersionLoggerListener.log Command line argument: --add-opens=java.base/java.lang=ALL-UNNAMED
06-Sep-2023 14:10:58.682 INFO [main] org.apache.catalina.startup.VersionLoggerListener.log Command line argument: --add-opens=java.base/java.io=ALL-UNNAMED
06-Sep-2023 14:10:58.682 INFO [main] org.apache.catalina.startup.VersionLoggerListener.log Command line argument: --add-opens=java.base/java.util=ALL-UNNAMED
06-Sep-2023 14:10:58.682 INFO [main] org.apache.catalina.startup.VersionLoggerListener.log Command line argument: --add-opens=java.base/java.util.concurrent=ALL-UNNAMED
06-Sep-2023 14:10:58.682 INFO [main] org.apache.catalina.startup.VersionLoggerListener.log Command line argument: --add-opens=java.rmi/sun.rmi.transport=ALL-UNNAMED
06-Sep-2023 14:10:58.683 INFO [main] org.apache.catalina.startup.VersionLoggerListener.log Command line argument: -Djava.util.logging.config.file=C:\課程分享\SL314_Servlet5課程分享\SL314_第一次分享\01_Servlet_Container\●已設定完成的Tomcat-9.0.65 (含資料庫Driver) (●useBodyEncodingForURI)(Oracle)(mySQL)\apache-tomcat-9.0.65\conf\logging.properties
06-Sep-2023 14:10:58.683 INFO [main] org.apache.catalina.startup.VersionLoggerListener.log Command line argument: -Djava.util.logging.manager=org.apache.juli.ClassLoaderLogManager
06-Sep-2023 14:10:58.683 INFO [main] org.apache.catalina.startup.VersionLoggerListener.log Command line argument: -Djdk.tls.ephemeralDHKeySize=2048
06-Sep-2023 14:10:58.684 INFO [main] org.apache.catalina.startup.VersionLoggerListener.log Command line argument: -Djava.protocol.handler.pkgs=org.apache.catalina.webresources
06-Sep-2023 14:10:58.684 INFO [main] org.apache.catalina.startup.VersionLoggerListener.log Command line argument: -Dignore.endorsed.dirs=
06-Sep-2023 14:10:58.684 INFO [main] org.apache.catalina.startup.VersionLoggerListener.log Command line argument: -Dcatalina.base=C:\課程分享\SL314_Servlet5課程分享\SL314_第一次分享\01_Servlet_Container\●已設定完成的Tomcat-9.0.65 (含資料庫Driver) (●useBodyEncodingForURI)(Oracle)(mySQL)\apache-tomcat-9.0.65
06-Sep-2023 14:10:58.684 INFO [main] org.apache.catalina.startup.VersionLoggerListener.log Command line argument: -Dcatalina.home=C:\課程分享\SL314_Servlet5課程分享\SL314_第一次分享\01_Servlet_Container\●已設定完成的Tomcat-9.0.65 (含資料庫Driver) (●useBodyEncodingForURI)(Oracle)(mySQL)\apache-tomcat-9.0.65
06-Sep-2023 14:10:58.685 INFO [main] org.apache.catalina.startup.VersionLoggerListener.log Command line argument: -Djava.io.tmpdir=C:\課程分享\SL314_Servlet5課程分享\SL314_第一次分享\01_Servlet_Container\●已設定完成的Tomcat-9.0.65 (含資料庫Driver) (●useBodyEncodingForURI)(Oracle)(mySQL)\apache-tomcat-9.0.65\temp
06-Sep-2023 14:10:58.690 INFO [main] org.apache.catalina.core.AprLifecycleListener.lifecycleEvent The Apache Tomcat Native library which allows using OpenSSL was not found on the java.library.path: [C:\Program Files\Java\jdk-17.0.1\bin;C:\WINDOWS\Sun\Java\bin;C:\WINDOWS\system32;C:\WINDOWS;C:\Program Files\Java\jdk-17.0.1\bin;C:\Program Files\Common Files\Oracle\Java\javapath;C:\oraclexe\app\oracle\product\11.2.0\server\bin;C:\oraclexe\app\oracle\product\11.2.0\server\bin;C:\WINDOWS\system32;C:\WINDOWS;C:\WINDOWS\System32\Wbem;C:\WINDOWS\System32\WindowsPowerShell\v1.0\;C:\WINDOWS\System32\OpenSSH\;C:\PROGRA~2\IDMCOM~1\ULTRAE~1;.]
06-Sep-2023 14:10:59.002 INFO [main] org.apache.coyote.AbstractProtocol.init Initializing ProtocolHandler ["http-nio-8081"]
06-Sep-2023 14:10:59.029 INFO [main] org.apache.catalina.startup.Catalina.load Server initialization in [566] milliseconds
06-Sep-2023 14:10:59.075 INFO [main] org.apache.catalina.core.StandardService.startInternal Starting service [Catalina]
06-Sep-2023 14:10:59.075 INFO [main] org.apache.catalina.core.StandardEngine.startInternal Starting Servlet engine: [Apache Tomcat/9.0.65]
06-Sep-2023 14:10:59.087 INFO [main] org.apache.catalina.startup.HostConfig.deployDirectory Deploying web application directory [C:\課程分享\SL314_Servlet5課程分享\SL314_第一次分享\01_Servlet_Container\●已設定完成的Tomcat-9.0.65 (含資料庫Driver) (●useBodyEncodingForURI)(Oracle)(mySQL)\apache-tomcat-9.0.65\webapps\docs]
06-Sep-2023 14:11:00.220 INFO [main] org.apache.jasper.servlet.TldScanner.scanJars At least one JAR was scanned for TLDs yet contained no TLDs. Enable debug logging for this logger for a complete list of JARs that were scanned but no TLDs were found in them. Skipping unneeded JARs during scanning can improve startup time and JSP compilation time.
06-Sep-2023 14:11:00.301 INFO [main] org.apache.catalina.startup.HostConfig.deployDirectory Deployment of web application directory [C:\課程分享\SL314_Servlet5課程分享\SL314_第一次分享\01_Servlet_Container\●已設定完成的Tomcat-9.0.65 (含資料庫Driver) (●useBodyEncodingForURI)(Oracle)(mySQL)\apache-tomcat-9.0.65\webapps\docs] has finished in [1,215] ms
06-Sep-2023 14:11:00.302 INFO [main] org.apache.catalina.startup.HostConfig.deployDirectory Deploying web application directory [C:\課程分享\SL314_Servlet5課程分享\SL314_第一次分享\01_Servlet_Container\●已設定完成的Tomcat-9.0.65 (含資料庫Driver) (●useBodyEncodingForURI)(Oracle)(mySQL)\apache-tomcat-9.0.65\webapps\examples]
06-Sep-2023 14:11:01.718 INFO [main] org.apache.jasper.servlet.TldScanner.scanJars At least one JAR was scanned for TLDs yet contained no TLDs. Enable debug logging for this logger for a complete list of JARs that were scanned but no TLDs were found in them. Skipping unneeded JARs during scanning can improve startup time and JSP compilation time.
06-Sep-2023 14:11:01.788 INFO [main] org.apache.catalina.startup.HostConfig.deployDirectory Deployment of web application directory [C:\課程分享\SL314_Servlet5課程分享\SL314_第一次分享\01_Servlet_Container\●已設定完成的Tomcat-9.0.65 (含資料庫Driver) (●useBodyEncodingForURI)(Oracle)(mySQL)\apache-tomcat-9.0.65\webapps\examples] has finished in [1,486] ms
06-Sep-2023 14:11:01.789 INFO [main] org.apache.catalina.startup.HostConfig.deployDirectory Deploying web application directory [C:\課程分享\SL314_Servlet5課程分享\SL314_第一次分享\01_Servlet_Container\●已設定完成的Tomcat-9.0.65 (含資料庫Driver) (●useBodyEncodingForURI)(Oracle)(mySQL)\apache-tomcat-9.0.65\webapps\host-manager]
06-Sep-2023 14:11:02.390 INFO [main] org.apache.jasper.servlet.TldScanner.scanJars At least one JAR was scanned for TLDs yet contained no TLDs. Enable debug logging for this logger for a complete list of JARs that were scanned but no TLDs were found in them. Skipping unneeded JARs during scanning can improve startup time and JSP compilation time.
06-Sep-2023 14:11:02.398 INFO [main] org.apache.catalina.startup.HostConfig.deployDirectory Deployment of web application directory [C:\課程分享\SL314_Servlet5課程分享\SL314_第一次分享\01_Servlet_Container\●已設定完成的Tomcat-9.0.65 (含資料庫Driver) (●useBodyEncodingForURI)(Oracle)(mySQL)\apache-tomcat-9.0.65\webapps\host-manager] has finished in [608] ms
06-Sep-2023 14:11:02.399 INFO [main] org.apache.catalina.startup.HostConfig.deployDirectory Deploying web application directory [C:\課程分享\SL314_Servlet5課程分享\SL314_第一次分享\01_Servlet_Container\●已設定完成的Tomcat-9.0.65 (含資料庫Driver) (●useBodyEncodingForURI)(Oracle)(mySQL)\apache-tomcat-9.0.65\webapps\IBM_9]
06-Sep-2023 14:11:02.959 INFO [main] org.apache.jasper.servlet.TldScanner.scanJars At least one JAR was scanned for TLDs yet contained no TLDs. Enable debug logging for this logger for a complete list of JARs that were scanned but no TLDs were found in them. Skipping unneeded JARs during scanning can improve startup time and JSP compilation time.
06-Sep-2023 14:11:02.965 INFO [main] org.apache.catalina.startup.HostConfig.deployDirectory Deployment of web application directory [C:\課程分享\SL314_Servlet5課程分享\SL314_第一次分享\01_Servlet_Container\●已設定完成的Tomcat-9.0.65 (含資料庫Driver) (●useBodyEncodingForURI)(Oracle)(mySQL)\apache-tomcat-9.0.65\webapps\IBM_9] has finished in [566] ms
06-Sep-2023 14:11:02.966 INFO [main] org.apache.catalina.startup.HostConfig.deployDirectory Deploying web application directory [C:\課程分享\SL314_Servlet5課程分享\SL314_第一次分享\01_Servlet_Container\●已設定完成的Tomcat-9.0.65 (含資料庫Driver) (●useBodyEncodingForURI)(Oracle)(mySQL)\apache-tomcat-9.0.65\webapps\manager]
06-Sep-2023 14:11:03.560 INFO [main] org.apache.jasper.servlet.TldScanner.scanJars At least one JAR was scanned for TLDs yet contained no TLDs. Enable debug logging for this logger for a complete list of JARs that were scanned but no TLDs were found in them. Skipping unneeded JARs during scanning can improve startup time and JSP compilation time.
06-Sep-2023 14:11:03.562 INFO [main] org.apache.catalina.startup.HostConfig.deployDirectory Deployment of web application directory [C:\課程分享\SL314_Servlet5課程分享\SL314_第一次分享\01_Servlet_Container\●已設定完成的Tomcat-9.0.65 (含資料庫Driver) (●useBodyEncodingForURI)(Oracle)(mySQL)\apache-tomcat-9.0.65\webapps\manager] has finished in [596] ms
06-Sep-2023 14:11:03.562 INFO [main] org.apache.catalina.startup.HostConfig.deployDirectory Deploying web application directory [C:\課程分享\SL314_Servlet5課程分享\SL314_第一次分享\01_Servlet_Container\●已設定完成的Tomcat-9.0.65 (含資料庫Driver) (●useBodyEncodingForURI)(Oracle)(mySQL)\apache-tomcat-9.0.65\webapps\ROOT]
06-Sep-2023 14:11:04.149 INFO [main] org.apache.jasper.servlet.TldScanner.scanJars At least one JAR was scanned for TLDs yet contained no TLDs. Enable debug logging for this logger for a complete list of JARs that were scanned but no TLDs were found in them. Skipping unneeded JARs during scanning can improve startup time and JSP compilation time.
06-Sep-2023 14:11:04.151 INFO [main] org.apache.catalina.startup.HostConfig.deployDirectory Deployment of web application directory [C:\課程分享\SL314_Servlet5課程分享\SL314_第一次分享\01_Servlet_Container\●已設定完成的Tomcat-9.0.65 (含資料庫Driver) (●useBodyEncodingForURI)(Oracle)(mySQL)\apache-tomcat-9.0.65\webapps\ROOT] has finished in [589] ms
06-Sep-2023 14:11:04.154 INFO [main] org.apache.coyote.AbstractProtocol.start Starting ProtocolHandler ["http-nio-8081"]
06-Sep-2023 14:11:04.190 INFO [main] org.apache.catalina.startup.Catalina.start Server startup in [5160] milliseconds
